validationtesting/build/intermediates/manifest_merge_blame_file/debug/manifest-merger-blame-debug-report.txt
1<?xml version="1.0" encoding="utf-8"?>
2<!--
3  ~ Copyright (c) 2021. Author Muhammad Abdul Salam.
4  ~ Property of Sagoss Group
5  ~
6  ~ It is against law to modify, replicate or distribute this code
7  ~ Permission of owner (Sagoss Group) is needed in order to
8  ~ modify, replicate or distribute this code.
9-->
10<manifest xmlns:android="http://schemas.android.com/apk/res/android"
11    package="com.sagoss.validationtesting"
12    android:versionCode="1"
13    android:versionName="1.0" >
14
15    <uses-sdk
16        android:minSdkVersion="21"
16-->src/main/AndroidManifest.xml
17        android:targetSdkVersion="30" />
17-->src/main/AndroidManifest.xml
18
19    <uses-permission android:name="android.permission.ACCESS_NETWORK_STATE" />
19-->src/main/AndroidManifest.xml:15:1-75
19-->src/main/AndroidManifest.xml:15:18-72
20    <uses-permission android:name="android.permission.INTERNET" />
20-->src/main/AndroidManifest.xml:16:1-63
20-->src/main/AndroidManifest.xml:16:18-60
21    <uses-permission android:name="android.permission.READ_EXTERNAL_STORAGE" />
21-->src/main/AndroidManifest.xml:17:1-75
21-->src/main/AndroidManifest.xml:17:18-73
22    <uses-permission android:name="android.permission.WRITE_EXTERNAL_STORAGE" />
22-->src/main/AndroidManifest.xml:18:1-76
22-->src/main/AndroidManifest.xml:18:18-74
23    <uses-permission android:name="android.permission.READ_PHONE_STATE" />
23-->src/main/AndroidManifest.xml:19:1-70
23-->src/main/AndroidManifest.xml:19:18-68
24    <uses-permission android:name="android.permission.WAKE_LOCK" />
24-->[androidx.work:work-runtime:2.6.0-rc01] AndroidManifest.xml:25:5-68
24-->[androidx.work:work-runtime:2.6.0-rc01] AndroidManifest.xml:25:22-65
25    <uses-permission android:name="android.permission.RECEIVE_BOOT_COMPLETED" />
25-->[androidx.work:work-runtime:2.6.0-rc01] AndroidManifest.xml:27:5-81
25-->[androidx.work:work-runtime:2.6.0-rc01] AndroidManifest.xml:27:22-78
26    <uses-permission android:name="android.permission.FOREGROUND_SERVICE" />
26-->[androidx.work:work-runtime:2.6.0-rc01] AndroidManifest.xml:28:5-77
26-->[androidx.work:work-runtime:2.6.0-rc01] AndroidManifest.xml:28:22-74
27
28    <application
28-->src/main/AndroidManifest.xml:22:1-43:15
29        android:name="com.sagoss.validationtesting.utils.application.Application"
29-->src/main/AndroidManifest.xml:23:5-78
30        android:allowBackup="true"
30-->src/main/AndroidManifest.xml:24:5-31
31        android:appComponentFactory="androidx.core.app.CoreComponentFactory"
31-->[androidx.core:core:1.6.0] AndroidManifest.xml:24:18-86
32        android:debuggable="true"
33        android:icon="@mipmap/ic_launcher"
33-->src/main/AndroidManifest.xml:25:5-39
34        android:label="@string/app_name"
34-->src/main/AndroidManifest.xml:26:5-37
35        android:roundIcon="@mipmap/ic_launcher_round"
35-->src/main/AndroidManifest.xml:27:5-50
36        android:supportsRtl="true"
36-->src/main/AndroidManifest.xml:28:5-31
37        android:testOnly="true"
38        android:theme="@style/Theme.Validationunit" >
38-->src/main/AndroidManifest.xml:29:5-48
39        <activity
39-->src/main/AndroidManifest.xml:30:5-37:16
40            android:name="com.sagoss.validationtesting.MainActivity"
40-->src/main/AndroidManifest.xml:30:15-43
41            android:screenOrientation="landscape" >
41-->src/main/AndroidManifest.xml:31:9-46
42            <intent-filter>
42-->src/main/AndroidManifest.xml:32:9-36:25
43                <action android:name="android.intent.action.MAIN" />
43-->src/main/AndroidManifest.xml:33:13-65
43-->src/main/AndroidManifest.xml:33:21-62
44
45                <category android:name="android.intent.category.LAUNCHER" />
45-->src/main/AndroidManifest.xml:35:13-73
45-->src/main/AndroidManifest.xml:35:23-70
46            </intent-filter>
47        </activity>
48
49        <service
49-->[androidx.work:work-runtime:2.6.0-rc01] AndroidManifest.xml:41:9-46:35
50            android:name="androidx.work.impl.background.systemalarm.SystemAlarmService"
50-->[androidx.work:work-runtime:2.6.0-rc01] AndroidManifest.xml:42:13-88
51            android:directBootAware="false"
51-->[androidx.work:work-runtime:2.6.0-rc01] AndroidManifest.xml:43:13-44
52            android:enabled="@bool/enable_system_alarm_service_default"
52-->[androidx.work:work-runtime:2.6.0-rc01] AndroidManifest.xml:44:13-72
53            android:exported="false" />
53-->[androidx.work:work-runtime:2.6.0-rc01] AndroidManifest.xml:45:13-37
54        <service
54-->[androidx.work:work-runtime:2.6.0-rc01] AndroidManifest.xml:47:9-53:35
55            android:name="androidx.work.impl.background.systemjob.SystemJobService"
55-->[androidx.work:work-runtime:2.6.0-rc01] AndroidManifest.xml:48:13-84
56            android:directBootAware="false"
56-->[androidx.work:work-runtime:2.6.0-rc01] AndroidManifest.xml:49:13-44
57            android:enabled="@bool/enable_system_job_service_default"
57-->[androidx.work:work-runtime:2.6.0-rc01] AndroidManifest.xml:50:13-70
58            android:exported="true"
58-->[androidx.work:work-runtime:2.6.0-rc01] AndroidManifest.xml:51:13-36
59            android:permission="android.permission.BIND_JOB_SERVICE" />
59-->[androidx.work:work-runtime:2.6.0-rc01] AndroidManifest.xml:52:13-69
60        <service
60-->[androidx.work:work-runtime:2.6.0-rc01] AndroidManifest.xml:54:9-59:35
61            android:name="androidx.work.impl.foreground.SystemForegroundService"
61-->[androidx.work:work-runtime:2.6.0-rc01] AndroidManifest.xml:55:13-81
62            android:directBootAware="false"
62-->[androidx.work:work-runtime:2.6.0-rc01] AndroidManifest.xml:56:13-44
63            android:enabled="@bool/enable_system_foreground_service_default"
63-->[androidx.work:work-runtime:2.6.0-rc01] AndroidManifest.xml:57:13-77
64            android:exported="false" />
64-->[androidx.work:work-runtime:2.6.0-rc01] AndroidManifest.xml:58:13-37
65
66        <receiver
66-->[androidx.work:work-runtime:2.6.0-rc01] AndroidManifest.xml:61:9-66:35
67            android:name="androidx.work.impl.utils.ForceStopRunnable$BroadcastReceiver"
67-->[androidx.work:work-runtime:2.6.0-rc01] AndroidManifest.xml:62:13-88
68            android:directBootAware="false"
68-->[androidx.work:work-runtime:2.6.0-rc01] AndroidManifest.xml:63:13-44
69            android:enabled="true"
69-->[androidx.work:work-runtime:2.6.0-rc01] AndroidManifest.xml:64:13-35
70            android:exported="false" />
70-->[androidx.work:work-runtime:2.6.0-rc01] AndroidManifest.xml:65:13-37
71        <receiver
71-->[androidx.work:work-runtime:2.6.0-rc01] AndroidManifest.xml:67:9-77:20
72            android:name="androidx.work.impl.background.systemalarm.ConstraintProxy$BatteryChargingProxy"
72-->[androidx.work:work-runtime:2.6.0-rc01] AndroidManifest.xml:68:13-106
73            android:directBootAware="false"
73-->[androidx.work:work-runtime:2.6.0-rc01] AndroidManifest.xml:69:13-44
74            android:enabled="false"
74-->[androidx.work:work-runtime:2.6.0-rc01] AndroidManifest.xml:70:13-36
75            android:exported="false" >
75-->[androidx.work:work-runtime:2.6.0-rc01] AndroidManifest.xml:71:13-37
76            <intent-filter>
76-->[androidx.work:work-runtime:2.6.0-rc01] AndroidManifest.xml:73:13-76:29
77                <action android:name="android.intent.action.ACTION_POWER_CONNECTED" />
77-->[androidx.work:work-runtime:2.6.0-rc01] AndroidManifest.xml:74:17-87
77-->[androidx.work:work-runtime:2.6.0-rc01] AndroidManifest.xml:74:25-84
78                <action android:name="android.intent.action.ACTION_POWER_DISCONNECTED" />
78-->[androidx.work:work-runtime:2.6.0-rc01] AndroidManifest.xml:75:17-90
78-->[androidx.work:work-runtime:2.6.0-rc01] AndroidManifest.xml:75:25-87
79            </intent-filter>
80        </receiver>
81        <receiver
81-->[androidx.work:work-runtime:2.6.0-rc01] AndroidManifest.xml:78:9-88:20
82            android:name="androidx.work.impl.background.systemalarm.ConstraintProxy$BatteryNotLowProxy"
82-->[androidx.work:work-runtime:2.6.0-rc01] AndroidManifest.xml:79:13-104
83            android:directBootAware="false"
83-->[androidx.work:work-runtime:2.6.0-rc01] AndroidManifest.xml:80:13-44
84            android:enabled="false"
84-->[androidx.work:work-runtime:2.6.0-rc01] AndroidManifest.xml:81:13-36
85            android:exported="false" >
85-->[androidx.work:work-runtime:2.6.0-rc01] AndroidManifest.xml:82:13-37
86            <intent-filter>
86-->[androidx.work:work-runtime:2.6.0-rc01] AndroidManifest.xml:84:13-87:29
87                <action android:name="android.intent.action.BATTERY_OKAY" />
87-->[androidx.work:work-runtime:2.6.0-rc01] AndroidManifest.xml:85:17-77
87-->[androidx.work:work-runtime:2.6.0-rc01] AndroidManifest.xml:85:25-74
88                <action android:name="android.intent.action.BATTERY_LOW" />
88-->[androidx.work:work-runtime:2.6.0-rc01] AndroidManifest.xml:86:17-76
88-->[androidx.work:work-runtime:2.6.0-rc01] AndroidManifest.xml:86:25-73
89            </intent-filter>
90        </receiver>
91        <receiver
91-->[androidx.work:work-runtime:2.6.0-rc01] AndroidManifest.xml:89:9-99:20
92            android:name="androidx.work.impl.background.systemalarm.ConstraintProxy$StorageNotLowProxy"
92-->[androidx.work:work-runtime:2.6.0-rc01] AndroidManifest.xml:90:13-104
93            android:directBootAware="false"
93-->[androidx.work:work-runtime:2.6.0-rc01] AndroidManifest.xml:91:13-44
94            android:enabled="false"
94-->[androidx.work:work-runtime:2.6.0-rc01] AndroidManifest.xml:92:13-36
95            android:exported="false" >
95-->[androidx.work:work-runtime:2.6.0-rc01] AndroidManifest.xml:93:13-37
96            <intent-filter>
96-->[androidx.work:work-runtime:2.6.0-rc01] AndroidManifest.xml:95:13-98:29
97                <action android:name="android.intent.action.DEVICE_STORAGE_LOW" />
97-->[androidx.work:work-runtime:2.6.0-rc01] AndroidManifest.xml:96:17-83
97-->[androidx.work:work-runtime:2.6.0-rc01] AndroidManifest.xml:96:25-80
98                <action android:name="android.intent.action.DEVICE_STORAGE_OK" />
98-->[androidx.work:work-runtime:2.6.0-rc01] AndroidManifest.xml:97:17-82
98-->[androidx.work:work-runtime:2.6.0-rc01] AndroidManifest.xml:97:25-79
99            </intent-filter>
100        </receiver>
101        <receiver
101-->[androidx.work:work-runtime:2.6.0-rc01] AndroidManifest.xml:100:9-109:20
102            android:name="androidx.work.impl.background.systemalarm.ConstraintProxy$NetworkStateProxy"
102-->[androidx.work:work-runtime:2.6.0-rc01] AndroidManifest.xml:101:13-103
103            android:directBootAware="false"
103-->[androidx.work:work-runtime:2.6.0-rc01] AndroidManifest.xml:102:13-44
104            android:enabled="false"
104-->[androidx.work:work-runtime:2.6.0-rc01] AndroidManifest.xml:103:13-36
105            android:exported="false" >
105-->[androidx.work:work-runtime:2.6.0-rc01] AndroidManifest.xml:104:13-37
106            <intent-filter>
106-->[androidx.work:work-runtime:2.6.0-rc01] AndroidManifest.xml:106:13-108:29
107                <action android:name="android.net.conn.CONNECTIVITY_CHANGE" />
107-->[androidx.work:work-runtime:2.6.0-rc01] AndroidManifest.xml:107:17-79
107-->[androidx.work:work-runtime:2.6.0-rc01] AndroidManifest.xml:107:25-76
108            </intent-filter>
109        </receiver>
110        <receiver
110-->[androidx.work:work-runtime:2.6.0-rc01] AndroidManifest.xml:110:9-121:20
111            android:name="androidx.work.impl.background.systemalarm.RescheduleReceiver"
111-->[androidx.work:work-runtime:2.6.0-rc01] AndroidManifest.xml:111:13-88
112            android:directBootAware="false"
112-->[androidx.work:work-runtime:2.6.0-rc01] AndroidManifest.xml:112:13-44
113            android:enabled="false"
113-->[androidx.work:work-runtime:2.6.0-rc01] AndroidManifest.xml:113:13-36
114            android:exported="false" >
114-->[androidx.work:work-runtime:2.6.0-rc01] AndroidManifest.xml:114:13-37
115            <intent-filter>
115-->[androidx.work:work-runtime:2.6.0-rc01] AndroidManifest.xml:116:13-120:29
116                <action android:name="android.intent.action.BOOT_COMPLETED" />
116-->[androidx.work:work-runtime:2.6.0-rc01] AndroidManifest.xml:117:17-79
116-->[androidx.work:work-runtime:2.6.0-rc01] AndroidManifest.xml:117:25-76
117                <action android:name="android.intent.action.TIME_SET" />
117-->[androidx.work:work-runtime:2.6.0-rc01] AndroidManifest.xml:118:17-73
117-->[androidx.work:work-runtime:2.6.0-rc01] AndroidManifest.xml:118:25-70
118                <action android:name="android.intent.action.TIMEZONE_CHANGED" />
118-->[androidx.work:work-runtime:2.6.0-rc01] AndroidManifest.xml:119:17-81
118-->[androidx.work:work-runtime:2.6.0-rc01] AndroidManifest.xml:119:25-78
119            </intent-filter>
120        </receiver>
121        <receiver
121-->[androidx.work:work-runtime:2.6.0-rc01] AndroidManifest.xml:122:9-131:20
122            android:name="androidx.work.impl.background.systemalarm.ConstraintProxyUpdateReceiver"
122-->[androidx.work:work-runtime:2.6.0-rc01] AndroidManifest.xml:123:13-99
123            android:directBootAware="false"
123-->[androidx.work:work-runtime:2.6.0-rc01] AndroidManifest.xml:124:13-44
124            android:enabled="@bool/enable_system_alarm_service_default"
124-->[androidx.work:work-runtime:2.6.0-rc01] AndroidManifest.xml:125:13-72
125            android:exported="false" >
125-->[androidx.work:work-runtime:2.6.0-rc01] AndroidManifest.xml:126:13-37
126            <intent-filter>
126-->[androidx.work:work-runtime:2.6.0-rc01] AndroidManifest.xml:128:13-130:29
127                <action android:name="androidx.work.impl.background.systemalarm.UpdateProxies" />
127-->[androidx.work:work-runtime:2.6.0-rc01] AndroidManifest.xml:129:17-98
127-->[androidx.work:work-runtime:2.6.0-rc01] AndroidManifest.xml:129:25-95
128            </intent-filter>
129        </receiver>
130        <receiver
130-->[androidx.work:work-runtime:2.6.0-rc01] AndroidManifest.xml:132:9-142:20
131            android:name="androidx.work.impl.diagnostics.DiagnosticsReceiver"
131-->[androidx.work:work-runtime:2.6.0-rc01] AndroidManifest.xml:133:13-78
132            android:directBootAware="false"
132-->[androidx.work:work-runtime:2.6.0-rc01] AndroidManifest.xml:134:13-44
133            android:enabled="true"
133-->[androidx.work:work-runtime:2.6.0-rc01] AndroidManifest.xml:135:13-35
134            android:exported="true"
134-->[androidx.work:work-runtime:2.6.0-rc01] AndroidManifest.xml:136:13-36
135            android:permission="android.permission.DUMP" >
135-->[androidx.work:work-runtime:2.6.0-rc01] AndroidManifest.xml:137:13-57
136            <intent-filter>
136-->[androidx.work:work-runtime:2.6.0-rc01] AndroidManifest.xml:139:13-141:29
137                <action android:name="androidx.work.diagnostics.REQUEST_DIAGNOSTICS" />
137-->[androidx.work:work-runtime:2.6.0-rc01] AndroidManifest.xml:140:17-88
137-->[androidx.work:work-runtime:2.6.0-rc01] AndroidManifest.xml:140:25-85
138            </intent-filter>
139        </receiver>
140
141        <service
141-->[androidx.room:room-runtime:2.2.5] AndroidManifest.xml:25:9-28:40
142            android:name="androidx.room.MultiInstanceInvalidationService"
142-->[androidx.room:room-runtime:2.2.5] AndroidManifest.xml:26:13-74
143            android:directBootAware="true"
143-->[androidx.room:room-runtime:2.2.5] AndroidManifest.xml:27:13-43
144            android:exported="false" />
144-->[androidx.room:room-runtime:2.2.5] AndroidManifest.xml:28:13-37
145
146        <provider
146-->[androidx.lifecycle:lifecycle-process:2.2.0] AndroidManifest.xml:25:9-29:43
147            android:name="androidx.lifecycle.ProcessLifecycleOwnerInitializer"
147-->[androidx.lifecycle:lifecycle-process:2.2.0] AndroidManifest.xml:26:13-79
148            android:authorities="com.sagoss.validationtesting.lifecycle-process"
148-->[androidx.lifecycle:lifecycle-process:2.2.0] AndroidManifest.xml:27:13-69
149            android:exported="false"
149-->[androidx.lifecycle:lifecycle-process:2.2.0] AndroidManifest.xml:28:13-37
150            android:multiprocess="true" />
150-->[androidx.lifecycle:lifecycle-process:2.2.0] AndroidManifest.xml:29:13-40
151    </application>
152
153</manifest>